<?xml version="1.0" encoding="UTF-8"?>
<testsuite name="HelloWorldSpec" tests="1" skipped="0" failures="0" errors="0" timestamp="2024-09-21T19:34:53" hostname="PC-KONRAD" time="0.236">
  <properties/>
  <testcase name="Say Hi!" classname="HelloWorldSpec" time="0.236"/>
  <system-out><![CDATA[]]></system-out>
  <system-err><![CDATA[]]></system-err>
</testsuite>
