<?xml version="1.0" encoding="UTF-8"?>
<testsuite name="AcronymSpec" tests="9" skipped="0" failures="0" errors="0" timestamp="2024-09-22T07:17:32" hostname="PC-KONRAD" time="0.086">
  <properties/>
  <testcase name="Basic" classname="AcronymSpec" time="0.078"/>
  <testcase name="Lowercase words" classname="AcronymSpec" time="0.001"/>
  <testcase name="Punctuation" classname="AcronymSpec" time="0.0"/>
  <testcase name="All caps word" classname="AcronymSpec" time="0.0"/>
  <testcase name="Punctuation without whitespace" classname="AcronymSpec" time="0.001"/>
  <testcase name="Very long abbreviation" classname="AcronymSpec" time="0.0"/>
  <testcase name="Consecutive delimiters" classname="AcronymSpec" time="0.0"/>
  <testcase name="Apostrophes" classname="AcronymSpec" time="0.0"/>
  <testcase name="Underscore emphasis" classname="AcronymSpec" time="0.0"/>
  <system-out><![CDATA[]]></system-out>
  <system-err><![CDATA[]]></system-err>
</testsuite>
